# JRE version: OpenJDK Runtime Environment AdoptOpenJDK (11.0.10+9) (build 11.0.10+9)
# Java VM: OpenJDK 64-Bit Server VM AdoptOpenJDK (11.0.10+9, mixed mode, tiered, compressed oops, g1 gc, windows-amd64)
Heap:
 garbage-first heap   total 163840K, used 94068K [0x0000000702400000, 0x0000000800000000)
  region size 1024K, 2 young (2048K), 1 survivors (1024K)
 Metaspace       used 17714K, capacity 18350K, committed 18688K, reserved 1067008K
  class space    used 1717K, capacity 1969K, committed 2048K, reserved 1048576K
GC Heap History (20 events):
Event: 908.792 GC heap before
{Heap before GC invocations=455 (full 62):
 garbage-first heap   total 163840K, used 95079K [0x0000000702400000, 0x0000000800000000)
  region size 1024K, 3 young (3072K), 1 survivors (1024K)
 Metaspace       used 17713K, capacity 18350K, committed 18688K, reserved 1067008K
  class space    used 1717K, capacity 1969K, committed 2048K, reserved 1048576K
}
Event: 908.793 GC heap after
{Heap after GC invocations=456 (full 62):
 garbage-first heap   total 163840K, used 77676K [0x0000000702400000, 0x0000000800000000)
  region size 1024K, 1 young (1024K), 1 survivors (1024K)
 Metaspace       used 17713K, capacity 18350K, committed 18688K, reserved 1067008K
  class space    used 1717K, capacity 1969K, committed 2048K, reserved 1048576K
}
Event: 908.832 GC heap before
{Heap before GC invocations=457 (full 62):
 garbage-first heap   total 163840K, used 95084K [0x0000000702400000, 0x0000000800000000)
  region size 1024K, 3 young (3072K), 1 survivors (1024K)
 Metaspace       used 17713K, capacity 18350K, committed 18688K, reserved 1067008K
  class space    used 1717K, capacity 1969K, committed 2048K, reserved 1048576K
}
Event: 908.833 GC heap after
{Heap after GC invocations=458 (full 62):
 garbage-first heap   total 163840K, used 77682K [0x0000000702400000, 0x0000000800000000)
  region size 1024K, 1 young (1024K), 1 survivors (1024K)
 Metaspace       used 17713K, capacity 18350K, committed 18688K, reserved 1067008K
  class space    used 1717K, capacity 1969K, committed 2048K, reserved 1048576K
}
Event: 908.887 GC heap before
{Heap before GC invocations=458 (full 62):
 garbage-first heap   total 163840K, used 94066K [0x0000000702400000, 0x0000000800000000)
  region size 1024K, 2 young (2048K), 1 survivors (1024K)
 Metaspace       used 17713K, capacity 18350K, committed 18688K, reserved 1067008K
  class space    used 1717K, capacity 1969K, committed 2048K, reserved 1048576K
}
Event: 908.899 GC heap after
{Heap after GC invocations=459 (full 63):
 garbage-first heap   total 163840K, used 94054K [0x0000000702400000, 0x0000000800000000)
  region size 1024K, 0 young (0K), 0 survivors (0K)
 Metaspace       used 17713K, capacity 18350K, committed 18688K, reserved 1067008K
  class space    used 1717K, capacity 1969K, committed 2048K, reserved 1048576K
}
Event: 909.204 GC heap before
{Heap before GC invocations=459 (full 63):
 garbage-first heap   total 163840K, used 94054K [0x0000000702400000, 0x0000000800000000)
  region size 1024K, 1 young (1024K), 0 survivors (0K)
 Metaspace       used 17713K, capacity 18350K, committed 18688K, reserved 1067008K
  class space    used 1717K, capacity 1969K, committed 2048K, reserved 1048576K
}
Event: 909.205 GC heap after
{Heap after GC invocations=460 (full 63):
 garbage-first heap   total 163840K, used 94060K [0x0000000702400000, 0x0000000800000000)
  region size 1024K, 1 young (1024K), 1 survivors (1024K)
 Metaspace       used 17713K, capacity 18350K, committed 18688K, reserved 1067008K
  class space    used 1717K, capacity 1969K, committed 2048K, reserved 1048576K
}
Event: 910.067 GC heap before
{Heap before GC invocations=461 (full 63):
 garbage-first heap   total 163840K, used 95084K [0x0000000702400000, 0x0000000800000000)
  region size 1024K, 3 young (3072K), 1 survivors (1024K)
 Metaspace       used 17714K, capacity 18350K, committed 18688K, reserved 1067008K
  class space    used 1717K, capacity 1969K, committed 2048K, reserved 1048576K
}
Event: 910.073 GC heap after
{Heap after GC invocations=462 (full 64):
 garbage-first heap   total 163840K, used 77671K [0x0000000702400000, 0x0000000800000000)
  region size 1024K, 0 young (0K), 0 survivors (0K)
 Metaspace       used 17714K, capacity 18350K, committed 18688K, reserved 1067008K
  class space    used 1717K, capacity 1969K, committed 2048K, reserved 1048576K
}
Event: 910.073 GC heap before
{Heap before GC invocations=462 (full 64):
 garbage-first heap   total 163840K, used 77671K [0x0000000702400000, 0x0000000800000000)
  region size 1024K, 1 young (1024K), 0 survivors (0K)
 Metaspace       used 17714K, capacity 18350K, committed 18688K, reserved 1067008K
  class space    used 1717K, capacity 1969K, committed 2048K, reserved 1048576K
}
Event: 910.074 GC heap after
{Heap after GC invocations=463 (full 64):
 garbage-first heap   total 163840K, used 77675K [0x0000000702400000, 0x0000000800000000)
  region size 1024K, 1 young (1024K), 1 survivors (1024K)
 Metaspace       used 17714K, capacity 18350K, committed 18688K, reserved 1067008K
  class space    used 1717K, capacity 1969K, committed 2048K, reserved 1048576K
}
Event: 910.141 GC heap before
{Heap before GC invocations=464 (full 64):
 garbage-first heap   total 163840K, used 95083K [0x0000000702400000, 0x0000000800000000)
  region size 1024K, 3 young (3072K), 1 survivors (1024K)
 Metaspace       used 17714K, capacity 18350K, committed 18688K, reserved 1067008K
  class space    used 1717K, capacity 1969K, committed 2048K, reserved 1048576K
}
Event: 910.150 GC heap after
{Heap after GC invocations=465 (full 65):
 garbage-first heap   total 163840K, used 77672K [0x0000000702400000, 0x0000000800000000)
  region size 1024K, 0 young (0K), 0 survivors (0K)
 Metaspace       used 17714K, capacity 18350K, committed 18688K, reserved 1067008K
  class space    used 1717K, capacity 1969K, committed 2048K, reserved 1048576K
}
Event: 910.158 GC heap before
{Heap before GC invocations=465 (full 65):
 garbage-first heap   total 163840K, used 77672K [0x0000000702400000, 0x0000000800000000)
  region size 1024K, 1 young (1024K), 0 survivors (0K)
 Metaspace       used 17714K, capacity 18350K, committed 18688K, reserved 1067008K
  class space    used 1717K, capacity 1969K, committed 2048K, reserved 1048576K
}
Event: 910.159 GC heap after
{Heap after GC invocations=466 (full 65):
 garbage-first heap   total 163840K, used 77678K [0x0000000702400000, 0x0000000800000000)
  region size 1024K, 1 young (1024K), 1 survivors (1024K)
 Metaspace       used 17714K, capacity 18350K, committed 18688K, reserved 1067008K
  class space    used 1717K, capacity 1969K, committed 2048K, reserved 1048576K
}
Event: 910.205 GC heap before
{Heap before GC invocations=467 (full 65):
 garbage-first heap   total 163840K, used 94062K [0x0000000702400000, 0x0000000800000000)
  region size 1024K, 2 young (2048K), 1 survivors (1024K)
 Metaspace       used 17714K, capacity 18350K, committed 18688K, reserved 1067008K
  class space    used 1717K, capacity 1969K, committed 2048K, reserved 1048576K
}
Event: 910.206 GC heap after
{Heap after GC invocations=468 (full 65):
 garbage-first heap   total 163840K, used 77676K [0x0000000702400000, 0x0000000800000000)
  region size 1024K, 1 young (1024K), 1 survivors (1024K)
 Metaspace       used 17714K, capacity 18350K, committed 18688K, reserved 1067008K
  class space    used 1717K, capacity 1969K, committed 2048K, reserved 1048576K
}
Event: 915.133 GC heap before
{Heap before GC invocations=469 (full 65):
 garbage-first heap   total 163840K, used 95084K [0x0000000702400000, 0x0000000800000000)
  region size 1024K, 3 young (3072K), 1 survivors (1024K)
 Metaspace       used 17714K, capacity 18350K, committed 18688K, reserved 1067008K
  class space    used 1717K, capacity 1969K, committed 2048K, reserved 1048576K
}
Event: 915.134 GC heap after
{Heap after GC invocations=470 (full 65):
 garbage-first heap   total 163840K, used 77684K [0x0000000702400000, 0x0000000800000000)
  region size 1024K, 1 young (1024K), 1 survivors (1024K)
 Metaspace       used 17714K, capacity 18350K, committed 18688K, reserved 1067008K
  class space    used 1717K, capacity 1969K, committed 2048K, reserved 1048576K
}

